\BOOKMARK [1][-]{section.1}{\376\377\000I\000n\000t\000r\000o\000d\000u\000c\000c\000i\000\363\000:\000\040\000S\000i\000m\000u\000l\000a\000c\000i\000o\000n\000s\000\040\000d\000e\000\040\000d\000i\000n\000\340\000m\000i\000c\000a\000\040\000m\000o\000l\000e\000c\000u\000l\000a\000r}{}% 1
\BOOKMARK [2][-]{subsection.1.1}{\376\377\000I\000n\000t\000e\000g\000r\000a\000d\000o\000r\000s}{section.1}% 2
\BOOKMARK [2][-]{subsection.1.2}{\376\377\000C\000o\000n\000d\000i\000c\000i\000o\000n\000s\000\040\000p\000e\000r\000i\000\362\000d\000i\000q\000u\000e\000s\000\040\000d\000e\000\040\000c\000o\000n\000t\000o\000r\000n}{section.1}% 3
\BOOKMARK [2][-]{subsection.1.3}{\376\377\000C\000o\000n\000t\000r\000o\000l\000\040\000d\000e\000\040\000l\000a\000\040\000t\000e\000m\000p\000e\000r\000a\000t\000u\000r\000a}{section.1}% 4
\BOOKMARK [2][-]{subsection.1.4}{\376\377\000U\000n\000i\000t\000a\000t\000s\000\040\000r\000e\000d\000u\000\357\000d\000e\000s}{section.1}% 5
\BOOKMARK [2][-]{subsection.1.5}{\376\377\000O\000p\000t\000i\000m\000i\000z\000a\000c\000i\000o\000n\000s\000:\000\040\000c\000u\000t\000o\000f\000f\000\040\000i\000\040\000t\000r\000u\000n\000c\000a\000c\000i\000\363}{section.1}% 6
\BOOKMARK [1][-]{section.2}{\376\377\000S\000i\000m\000u\000l\000a\000c\000i\000\363\000\040\000d\000'\000u\000n\000\040\000s\000i\000s\000t\000e\000m\000a\000\040\000a\000\357\000l\000l\000a\000t}{}% 7
\BOOKMARK [2][-]{subsection.2.1}{\376\377\000C\000o\000n\000s\000e\000r\000v\000a\000c\000i\000\363\000\040\000d\000e\000\040\000l\000'\000e\000n\000e\000r\000g\000i\000a}{section.2}% 8
\BOOKMARK [2][-]{subsection.2.2}{\376\377\000C\000o\000n\000s\000e\000r\000v\000a\000c\000i\000\363\000\040\000d\000e\000l\000\040\000m\000o\000m\000e\000n\000t}{section.2}% 9
\BOOKMARK [2][-]{subsection.2.3}{\376\377\000D\000i\000s\000t\000r\000i\000b\000u\000c\000i\000\363\000\040\000d\000e\000\040\000v\000e\000l\000o\000c\000i\000t\000a\000t\000s}{section.2}% 10
\BOOKMARK [1][-]{section.3}{\376\377\000A\000n\000\340\000l\000i\000s\000i\000\040\000d\000e\000\040\000l\000e\000s\000\040\000p\000r\000o\000p\000i\000e\000t\000a\000t\000s\000\040\000d\000'\000u\000n\000\040\000l\000\355\000q\000u\000i\000d\000\040\000d\000e\000\040\000L\000e\000n\000n\000a\000r\000d\000-\000J\000o\000n\000e\000s}{}% 11
\BOOKMARK [1][-]{section.4}{\376\377\000D\000e\000s\000p\000l\000a\000\347\000a\000m\000e\000n\000t\000\040\000q\000u\000a\000d\000r\000\340\000t\000i\000c\000\040\000m\000i\000t\000j\000\340}{}% 12
\BOOKMARK [1][-]{section.5}{\376\377\000C\000o\000n\000c\000l\000u\000s\000i\000o\000n\000s}{}% 13
\BOOKMARK [1][-]{section.6}{\376\377\000A\000n\000n\000e\000x}{}% 14
\BOOKMARK [2][-]{subsection.6.1}{\376\377\000I\000n\000i\000c\000i\000a\000l\000i\000t\000z\000a\000c\000i\000\363\000\040\000d\000e\000\040\000l\000e\000s\000\040\000p\000o\000s\000i\000c\000i\000o\000n\000s\000\040\000d\000e\000\040\000l\000e\000s\000\040\000p\000a\000r\000t\000\355\000c\000u\000l\000e\000s}{section.6}% 15
\BOOKMARK [2][-]{subsection.6.2}{\376\377\000C\000o\000n\000d\000i\000c\000i\000o\000n\000s\000\040\000p\000e\000r\000i\000\362\000d\000i\000q\000u\000e\000s\000\040\000d\000e\000\040\000c\000o\000n\000t\000o\000r\000n}{section.6}% 16
\BOOKMARK [2][-]{subsection.6.3}{\376\377\000F\000o\000r\000\347\000a\000\040\000e\000m\000p\000r\000a\000n\000t\000\040\000e\000l\000\040\000p\000o\000t\000e\000n\000c\000i\000a\000l\000\040\000d\000e\000\040\000L\000e\000n\000n\000a\000r\000d\000-\000J\000o\000n\000e\000s}{section.6}% 17
\BOOKMARK [2][-]{subsection.6.4}{\376\377\000P\000a\000s\000\040\000d\000e\000\040\000t\000e\000m\000p\000s\000\040\000d\000e\000\040\000V\000e\000l\000o\000c\000i\000t\000y\000\040\000V\000e\000r\000l\000e\000t}{section.6}% 18
\BOOKMARK [2][-]{subsection.6.5}{\376\377\000E\000n\000e\000r\000g\000i\000a\000\040\000c\000i\000n\000\350\000t\000i\000c\000a}{section.6}% 19
\BOOKMARK [2][-]{subsection.6.6}{\376\377\000T\000e\000m\000p\000e\000r\000a\000t\000u\000r\000a\000\040\000i\000n\000s\000t\000a\000n\000t\000\340\000n\000e\000a}{section.6}% 20
\BOOKMARK [2][-]{subsection.6.7}{\376\377\000I\000n\000i\000c\000i\000a\000l\000i\000t\000z\000a\000c\000i\000\363\000\040\000d\000e\000\040\000l\000e\000s\000\040\000v\000e\000l\000o\000c\000i\000t\000a\000t\000s}{section.6}% 21
\BOOKMARK [2][-]{subsection.6.8}{\376\377\000C\000\340\000l\000c\000u\000l\000\040\000d\000e\000l\000\040\000m\000o\000m\000e\000n\000t\000\040\000t\000o\000t\000a\000l\000\040\000d\000e\000l\000\040\000s\000i\000s\000t\000e\000m\000a}{section.6}% 22
\BOOKMARK [2][-]{subsection.6.9}{\376\377\000P\000a\000s\000\040\000d\000e\000\040\000t\000e\000m\000p\000s\000\040\000E\000u\000l\000e\000r}{section.6}% 23
\BOOKMARK [2][-]{subsection.6.10}{\376\377\000P\000r\000e\000s\000s\000i\000\363\000\040\000i\000n\000s\000t\000a\000n\000t\000\340\000n\000i\000a}{section.6}% 24
\BOOKMARK [2][-]{subsection.6.11}{\376\377\000D\000e\000s\000p\000l\000a\000\347\000a\000m\000e\000n\000t\000\040\000q\000u\000a\000d\000r\000\340\000t\000i\000c\000\040\000m\000i\000t\000j\000\340}{section.6}% 25
\BOOKMARK [2][-]{subsection.6.12}{\376\377\000T\000e\000r\000m\000\362\000s\000t\000a\000t\000\040\000A\000n\000d\000e\000r\000s\000e\000n}{section.6}% 26
\BOOKMARK [2][-]{subsection.6.13}{\376\377\000B\000o\000x\000-\000M\000\374\000l\000l\000e\000r}{section.6}% 27
\BOOKMARK [2][-]{subsection.6.14}{\376\377\000P\000r\000o\000c\000e\000s\000s\000i\000n\000g\000\040\000c\000o\000d\000e\000:\000\040\000c\000o\000m\000p\000u\000t\000e\000\040\000a\000v\000e\000r\000a\000g\000e}{section.6}% 28
